<?xml version="1.0" encoding="UTF-8"?>
<!-- Generated by org.testng.reporters.JUnitXMLReporter -->
<testsuite ignored="0" hostname="LTIN478323" failures="0" tests="4" name="Test" time="233.234" errors="0" timestamp="2024-04-01T11:53:52 IST">
  <testcase classname="TestCases.TS_01Bikes" name="bike" time="136.077"/>
  <testcase classname="TestCases.TS_02Cars" name="cars" time="20.458"/>
  <testcase classname="TestCases.TS_03SignUp" name="signup" time="3.63"/>
  <testcase classname="TestCases.TS_03SignUp" name="validate" time="0.642"/>
</testsuite> <!-- Test -->
