<?xml version="1.0" encoding="UTF-8"?>
<testng-results ignored="0" total="4" passed="4" failed="0" skipped="0">
  <reporter-output>
  </reporter-output>
  <suite started-at="2024-04-01T11:49:56 IST" name="Suite" finished-at="2024-04-01T11:53:49 IST" duration-ms="233234">
    <groups>
    </groups>
    <test started-at="2024-04-01T11:49:56 IST" name="Test" finished-at="2024-04-01T11:53:49 IST" duration-ms="233234">
      <class name="TestCases.TS_02Cars">
        <test-method is-config="true" signature="setup(java.lang.String,java.lang.String)[pri:0, instance:TestCases.TS_02Cars@7334aada]" started-at="2024-04-01T11:52:44 IST" name="setup" finished-at="2024-04-01T11:52:54 IST" duration-ms="9388" status="PASS">
          <params>
            <param index="0">
              <value>
                <![CDATA[windows]]>
              </value>
            </param>
            <param index="1">
              <value>
                <![CDATA[chrome]]>
              </value>
            </param>
          </params>
          <reporter-output>
          </reporter-output>
        </test-method> <!-- setup -->
        <test-method signature="cars()[pri:2, instance:TestCases.TS_02Cars@7334aada]" started-at="2024-04-01T11:52:54 IST" name="cars" finished-at="2024-04-01T11:53:14 IST" duration-ms="20458" status="PASS">
          <reporter-output>
          </reporter-output>
        </test-method> <!-- cars -->
      </class> <!-- TestCases.TS_02Cars -->
      <class name="TestCases.TS_03SignUp">
        <test-method is-config="true" signature="setup(java.lang.String,java.lang.String)[pri:0, instance:TestCases.TS_03SignUp@1d9b7cce]" started-at="2024-04-01T11:53:14 IST" name="setup" finished-at="2024-04-01T11:53:45 IST" duration-ms="30813" status="PASS">
          <params>
            <param index="0">
              <value>
                <![CDATA[windows]]>
              </value>
            </param>
            <param index="1">
              <value>
                <![CDATA[chrome]]>
              </value>
            </param>
          </params>
          <reporter-output>
          </reporter-output>
        </test-method> <!-- setup -->
        <test-method signature="signup()[pri:3, instance:TestCases.TS_03SignUp@1d9b7cce]" started-at="2024-04-01T11:53:45 IST" name="signup" finished-at="2024-04-01T11:53:49 IST" duration-ms="3630" status="PASS">
          <reporter-output>
          </reporter-output>
        </test-method> <!-- signup -->
        <test-method signature="validate()[pri:4, instance:TestCases.TS_03SignUp@1d9b7cce]" started-at="2024-04-01T11:53:49 IST" name="validate" finished-at="2024-04-01T11:53:49 IST" duration-ms="642" status="PASS">
          <reporter-output>
          </reporter-output>
        </test-method> <!-- validate -->
      </class> <!-- TestCases.TS_03SignUp -->
      <class name="TestCases.TS_01Bikes">
        <test-method is-config="true" signature="setup(java.lang.String,java.lang.String)[pri:0, instance:TestCases.TS_01Bikes@402bba4f]" started-at="2024-04-01T11:49:56 IST" name="setup" finished-at="2024-04-01T11:50:28 IST" duration-ms="31839" status="PASS">
          <params>
            <param index="0">
              <value>
                <![CDATA[windows]]>
              </value>
            </param>
            <param index="1">
              <value>
                <![CDATA[chrome]]>
              </value>
            </param>
          </params>
          <reporter-output>
          </reporter-output>
        </test-method> <!-- setup -->
        <test-method signature="bike()[pri:1, instance:TestCases.TS_01Bikes@402bba4f]" started-at="2024-04-01T11:50:28 IST" name="bike" finished-at="2024-04-01T11:52:44 IST" duration-ms="136077" status="PASS">
          <reporter-output>
          </reporter-output>
        </test-method> <!-- bike -->
      </class> <!-- TestCases.TS_01Bikes -->
    </test> <!-- Test -->
  </suite> <!-- Suite -->
</testng-results>
